     velocity           0.00000000          0.00000000          0.00000000
     velocity           0.00000000          0.00000000          0.00000000
     velocity           0.00000000          0.00000000          0.00000000
     velocity           0.00000000          0.00000000          0.00000000
     velocity           0.00000000          0.00000000          0.00000000
     velocity           0.00000000          0.00000000          0.00000000
     velocity           0.00000000          0.00000000          0.00000000
     velocity           0.00000000          0.00000000          0.00000000
     velocity           0.00000000          0.00000000          0.00000000
     velocity           0.00000000          0.00000000          0.00000000
     velocity           0.00000000          0.00000000          0.00000000
     velocity           0.00000000          0.00000000          0.00000000
     velocity           0.00000000          0.00000000          0.00000000
     velocity           0.00000000          0.00000000          0.00000000
     velocity           0.00000000          0.00000000          0.00000000
     velocity           0.00000000          0.00000000          0.00000000
     velocity           0.00000000          0.00000000          0.00000000
     velocity           0.00000000          0.00000000          0.00000000
     velocity           0.72943327          0.19865171          3.67535982
     velocity          -0.69920913         -1.13949483         -0.18279948
     velocity          -0.55160461          2.35841369          1.22157013
     velocity          -0.29048998         -1.27302975         -3.27294173
     velocity          -4.51340205         -3.33370209          1.46000779
     velocity          -0.85277312         -1.08239868          0.61978853
     velocity          -1.94373717         -0.20287647          0.20083448
     velocity           3.34182352         -0.31063173         -0.79122493
     velocity          -0.75869110          1.94012245         -2.65470463
     velocity           0.20256222         -0.31679014          2.58094326
     velocity          -1.52134851          3.17454165          4.28002823
     velocity           1.08893615          0.90473743         -0.40824383
     velocity          -3.00628706          0.01121428         -1.28620589
     velocity          -2.82762760          3.90712883          2.39157460
     velocity           0.23599475         -1.42484709          1.66460437
     velocity          -0.41603555         -0.55346483         -0.51638141
     velocity          -1.14204507          0.09788587          0.61629896
     velocity           1.52365996         -1.54467580         -0.91006236
     velocity           1.78159111          3.15840415          0.32017210
     velocity           1.06041468         -0.62209334          0.95394110
     velocity          -1.33485557          1.18666350         -0.08354905
     velocity           1.29795612         -3.41387378         -0.15707441
     velocity           0.99312729         -1.71993992          4.84178744
     velocity          -0.38838030          1.32150300         -1.36111962
     velocity           3.69902538          1.95123567         -3.45575015
     velocity           1.17135279         -0.64531583         -0.19512087
     velocity          -0.79353853          1.22908555         -2.32024345
     velocity           0.10858628         -1.67638732         -0.59043844
     velocity          -2.82211345          2.54719798         -0.61127305
     velocity          -2.40708849          1.13474212          1.95272643
     velocity           3.04464406         -4.19466025         -0.98290912
     velocity          -0.95677239          1.95403227         -2.76569362
     velocity          -1.32015340         -1.52631416          1.31195721
     velocity           4.86417500         -1.95230959         -1.14632947
     velocity          -0.36224158          0.51200523         -3.31997834
     velocity           3.76511207         -0.65475975         -1.07955063