     velocity           0.00000000          0.00000000          0.00000000
     velocity           0.00000000          0.00000000          0.00000000
     velocity           0.00000000          0.00000000          0.00000000
     velocity           0.00000000          0.00000000          0.00000000
     velocity           0.00000000          0.00000000          0.00000000
     velocity           0.00000000          0.00000000          0.00000000
     velocity           0.00000000          0.00000000          0.00000000
     velocity           0.00000000          0.00000000          0.00000000
     velocity           0.00000000          0.00000000          0.00000000
     velocity           0.00000000          0.00000000          0.00000000
     velocity           0.00000000          0.00000000          0.00000000
     velocity           0.00000000          0.00000000          0.00000000
     velocity           0.00000000          0.00000000          0.00000000
     velocity           0.00000000          0.00000000          0.00000000
     velocity           0.00000000          0.00000000          0.00000000
     velocity           0.00000000          0.00000000          0.00000000
     velocity           0.00000000          0.00000000          0.00000000
     velocity           0.00000000          0.00000000          0.00000000
     velocity          -1.05449550         -1.32507737          2.59121516
     velocity           0.14320475          1.47314870          0.81434552
     velocity          -2.01721542         -3.12397592          0.95582415
     velocity           0.72720341         -2.03319961         -3.06548122
     velocity           1.53467859          1.17825566          2.08220139
     velocity           3.01782869         -1.89992030          1.84350447
     velocity           0.57957383          1.63598395         -1.98170764
     velocity          -0.29922687          2.22627318         -2.67987380
     velocity          -2.46998492          1.69897136         -0.75522694
     velocity           0.94921759         -1.38577135         -1.29246000
     velocity           1.77152341         -0.26481016         -1.02840788
     velocity           0.01819196          2.48285938          0.40627663
     velocity           0.80140862          2.52938713          1.77307504
     velocity          -0.53434242          1.97852009          4.12720065
     velocity           0.94060353         -0.83698769         -0.59608149
     velocity          -1.75201545          0.82868039          3.24089117
     velocity           2.43104728         -0.69370279         -3.13604297
     velocity          -2.50915811         -4.33154184         -2.24823745
     velocity          -0.14610940         -0.50506422          2.18528536
     velocity           0.47615908          0.39260771         -2.65805970
     velocity          -0.61070549          3.52297220         -0.66394078
     velocity          -3.00760164         -0.23557502         -0.17176442
     velocity           1.46093566         -1.11415197         -1.23541597
     velocity          -0.87477576          0.97414525          1.34333606
     velocity           1.24780447          1.21161596         -0.88073872
     velocity           0.27605399         -0.25115109          1.45674582
     velocity           1.60101854          0.65587651          1.88527267
     velocity          -0.17860978         -4.04034192          5.66385839
     velocity          -2.73578594         -3.01697537          2.33176044
     velocity           0.61386059          3.32320446         -5.04148615
     velocity           0.45958536          1.56921978         -4.62131518
     velocity          -0.84685339         -1.35304515         -0.39721512
     velocity          -0.95932708         -0.62096930         -1.56258028
     velocity           1.29210627          2.43513714          0.77017299
     velocity           0.91138817         -0.35589362          2.36260340
     velocity          -1.25718658         -2.72870417         -1.81753360