     velocity           0.00000000          0.00000000          0.00000000
     velocity           0.00000000          0.00000000          0.00000000
     velocity           0.00000000          0.00000000          0.00000000
     velocity           0.00000000          0.00000000          0.00000000
     velocity           0.00000000          0.00000000          0.00000000
     velocity           0.00000000          0.00000000          0.00000000
     velocity           0.00000000          0.00000000          0.00000000
     velocity           0.00000000          0.00000000          0.00000000
     velocity           0.00000000          0.00000000          0.00000000
     velocity           0.00000000          0.00000000          0.00000000
     velocity           0.00000000          0.00000000          0.00000000
     velocity           0.00000000          0.00000000          0.00000000
     velocity           0.00000000          0.00000000          0.00000000
     velocity           0.00000000          0.00000000          0.00000000
     velocity           0.00000000          0.00000000          0.00000000
     velocity           0.00000000          0.00000000          0.00000000
     velocity           0.00000000          0.00000000          0.00000000
     velocity           0.00000000          0.00000000          0.00000000
     velocity          -5.11201331          0.65895477         -0.51360242
     velocity           1.35828103          0.86070484         -2.12754143
     velocity          -1.88333490          0.17535714          0.80390895
     velocity          -0.90549041         -1.74255585          1.98765488
     velocity           2.40282639         -0.25863818          0.19165877
     velocity           0.08875647          0.92858929         -1.98861606
     velocity          -0.07750358          1.77616379         -3.39255294
     velocity           2.58532346          2.38401354         -1.51023687
     velocity           0.59673879          4.11491388          4.56347029
     velocity          -1.82958733         -2.97003763         -3.17780187
     velocity           1.11995211          0.76996927          1.04283314
     velocity          -1.88984030         -1.04219490          2.66094056
     velocity          -0.77177532         -2.06959663         -1.43643542
     velocity          -0.57923872         -1.81277652         -3.44767733
     velocity          -0.81181786         -0.04179506          0.17446191
     velocity           0.79271120         -0.43006067          0.34457976
     velocity          -1.72210697          3.41422098         -0.50658121
     velocity           2.84032373          0.12885889          0.42810054
     velocity           2.33963322          0.11137414          3.66943032
     velocity          -4.31469444          2.77188431         -2.74409752
     velocity          -1.35280342         -3.35215031         -0.97228050
     velocity           0.76998108         -1.31380473          3.28901716
     velocity          -2.03246630          1.72144326         -0.90598822
     velocity          -0.86001574         -1.55115939          3.92031527
     velocity          -0.00861183          0.51736659         -0.87398103
     velocity          -1.16779422         -3.64098324          3.64946474
     velocity          -0.33145380         -0.04628169         -1.93690485
     velocity           1.97389753         -2.27596817          1.67782281
     velocity           1.61899178          3.00387004          1.77604768
     velocity          -0.89223399          0.93923255         -2.55047154
     velocity           1.02889161         -0.15900399          2.20098381
     velocity          -0.45851051         -2.14250596         -1.91879416
     velocity           0.76026893          0.23334342         -1.03538137
     velocity           4.01084004          1.25826055         -0.08102148
     velocity           0.21608489         -0.24189622         -0.31175032
     velocity           2.49779067         -0.67711214         -0.94897405