     velocity           0.00000000          0.00000000          0.00000000
     velocity           0.00000000          0.00000000          0.00000000
     velocity           0.00000000          0.00000000          0.00000000
     velocity           0.00000000          0.00000000          0.00000000
     velocity           0.00000000          0.00000000          0.00000000
     velocity           0.00000000          0.00000000          0.00000000
     velocity           0.00000000          0.00000000          0.00000000
     velocity           0.00000000          0.00000000          0.00000000
     velocity           0.00000000          0.00000000          0.00000000
     velocity           0.00000000          0.00000000          0.00000000
     velocity           0.00000000          0.00000000          0.00000000
     velocity           0.00000000          0.00000000          0.00000000
     velocity           0.00000000          0.00000000          0.00000000
     velocity           0.00000000          0.00000000          0.00000000
     velocity           0.00000000          0.00000000          0.00000000
     velocity           0.00000000          0.00000000          0.00000000
     velocity           0.00000000          0.00000000          0.00000000
     velocity           0.00000000          0.00000000          0.00000000
     velocity          -1.97921554         -1.30536752         -1.33456914
     velocity           2.43853466          0.32079831          0.00950415
     velocity           0.25802646         -1.55644140         -1.70561708
     velocity          -0.61925971         -0.52599756          1.61144743
     velocity          -0.73492843          0.49505191          1.11975799
     velocity          -1.32597213         -0.29458653         -2.95802777
     velocity          -0.26936652         -0.20112718          3.44329563
     velocity          -0.38633748         -0.47340897         -1.30884582
     velocity          -1.05428467         -2.20914785         -2.24536292
     velocity          -2.07147661          2.48042761          0.09430761
     velocity          -0.32223197         -3.67393107         -2.30313190
     velocity          -1.78841652          2.27790049          0.34175387
     velocity           0.91500270          0.52395923         -0.13864147
     velocity          -1.72070068         -1.33247012         -4.09693636
     velocity           1.09089960          3.94725379          0.88986949
     velocity          -0.95211342          0.28952624          0.98363224
     velocity          -2.40408021         -3.16353622         -0.81902485
     velocity          -2.21441095         -0.00042500          1.79050133
     velocity          -1.47411102         -0.34530664          0.63575121
     velocity           0.78832497         -0.46544078          4.35999181
     velocity          -1.97657535          1.94973003         -1.39906740
     velocity          -1.00436104         -3.30310761         -2.39634103
     velocity           3.24244503          1.59517706          0.42911491
     velocity           0.30444921         -0.55114520          0.74099043
     velocity           2.07585000         -1.37812043          3.31320776
     velocity           1.68910645         -3.72274240         -1.32777542
     velocity           1.26023593         -0.08057671          2.72905119
     velocity           2.51664588          1.13341271          3.14178151
     velocity          -3.97224396          2.06811736          1.61582740
     velocity           1.60756506          2.53508191          4.41934297
     velocity           1.84904430         -1.19613192         -3.42235702
     velocity           2.69255601          2.01497865         -0.79323781
     velocity           4.40992435          1.34152076         -3.49127999
     velocity          -1.29715669          1.59899672          1.40812775
     velocity          -0.93146735          0.84812297         -3.20823788
     velocity           1.36009965          0.35895535         -0.12880283
